20:24:46.706 [main] INFO  com.mystoreUtility.Log - =====================================verifyLogo TEST START=========================================
20:24:46.751 [main] INFO  com.mystoreUtility.Log - User is going to click
20:24:47.126 [main] INFO  com.mystoreUtility.Log - User clicked on signbtn
20:24:47.129 [main] INFO  com.mystoreUtility.Log - =====================================verifyLogo TEST START=========================================
20:24:51.878 [main] INFO  com.mystoreUtility.Log - =====================================verifyTitle TEST START=========================================
20:24:51.912 [main] INFO  com.mystoreUtility.Log - =====================================verifyTitle TEST START=========================================
19:16:54.442 [main] INFO  com.mystoreUtility.Log - =====================================Login Test TEST START=========================================
19:31:57.725 [main] INFO  com.mystoreUtility.Log - =====================================verifyLogo TEST START=========================================
19:31:57.892 [main] INFO  com.mystoreUtility.Log - User is going to click
19:31:58.388 [main] INFO  com.mystoreUtility.Log - User clicked on sign In button
19:31:58.393 [main] INFO  com.mystoreUtility.Log - =====================================verifyLogo END START=========================================
19:33:31.542 [main] INFO  com.mystoreUtility.Log - =====================================verifyLogo TEST START=========================================
19:33:31.636 [main] INFO  com.mystoreUtility.Log - User is going to click
19:33:32.117 [main] INFO  com.mystoreUtility.Log - User clicked on sign In button
19:33:32.122 [main] INFO  com.mystoreUtility.Log - =====================================verifyLogo END START=========================================
19:33:42.569 [main] INFO  com.mystoreUtility.Log - =====================================verifyTitle TEST START=========================================
19:33:42.634 [main] INFO  com.mystoreUtility.Log - =====================================verifyTitle END START=========================================
19:35:37.991 [main] INFO  com.mystoreUtility.Log - =====================================verifyLogo TEST START=========================================
19:35:38.132 [main] INFO  com.mystoreUtility.Log - User is going to click
19:35:38.270 [main] INFO  com.mystoreUtility.Log - User clicked on sign In button
19:35:38.281 [main] INFO  com.mystoreUtility.Log - =====================================verifyLogo END START=========================================
19:35:48.450 [main] INFO  com.mystoreUtility.Log - =====================================verifyTitle TEST START=========================================
19:35:48.476 [main] INFO  com.mystoreUtility.Log - =====================================verifyTitle END START=========================================
19:39:32.864 [main] INFO  com.mystoreUtility.Log - =====================================verifyLogo TEST START=========================================
19:39:33.006 [main] INFO  com.mystoreUtility.Log - User is going to click
19:39:33.298 [main] INFO  com.mystoreUtility.Log - User clicked on sign In button
19:39:33.300 [main] INFO  com.mystoreUtility.Log - =====================================verifyLogo END START=========================================
19:41:55.826 [main] INFO  com.mystoreUtility.Log - =====================================verifyLogo TEST START=========================================
19:41:55.832 [main] INFO  com.mystoreUtility.Log - User is going to click
19:41:55.938 [main] INFO  com.mystoreUtility.Log - User clicked on sign In button
19:41:55.941 [main] INFO  com.mystoreUtility.Log - =====================================verifyLogo END START=========================================
20:14:10.938 [main] INFO  com.mystoreUtility.Log - =====================================Login Test TEST START=========================================
20:24:02.955 [main] INFO  com.mystoreUtility.Log - =====================================Login Test TEST START=========================================
20:34:56.000 [main] INFO  com.mystoreUtility.Log - =====================================verifyLogo TEST START=========================================
20:34:56.024 [main] INFO  com.mystoreUtility.Log - User is going to click
20:34:56.496 [main] INFO  com.mystoreUtility.Log - User clicked on sign In button
20:34:56.501 [main] INFO  com.mystoreUtility.Log - =====================================verifyLogo END START=========================================
20:35:03.354 [main] INFO  com.mystoreUtility.Log - =====================================verifyTitle TEST START=========================================
20:35:03.391 [main] INFO  com.mystoreUtility.Log - =====================================verifyTitle END START=========================================
20:37:27.447 [main] INFO  com.mystoreUtility.Log - =====================================searchproduct TEST START=========================================
20:37:27.554 [main] INFO  com.mystoreUtility.Log - User clicked on searchbox
20:37:27.846 [main] INFO  com.mystoreUtility.Log - Product get displayed
20:37:27.846 [main] INFO  com.mystoreUtility.Log - =====================================searchProduct END START=========================================
20:37:34.819 [main] INFO  com.mystoreUtility.Log - =====================================verifyLogo TEST START=========================================
20:37:34.820 [main] INFO  com.mystoreUtility.Log - User is going to click
20:37:35.113 [main] INFO  com.mystoreUtility.Log - User clicked on sign In button
20:37:35.117 [main] INFO  com.mystoreUtility.Log - =====================================verifyLogo END START=========================================
20:37:41.489 [main] INFO  com.mystoreUtility.Log - =====================================verifyTitle TEST START=========================================
20:37:41.505 [main] INFO  com.mystoreUtility.Log - =====================================verifyTitle END START=========================================
20:39:05.410 [main] INFO  com.mystoreUtility.Log - =====================================searchproduct TEST START=========================================
20:39:05.627 [main] INFO  com.mystoreUtility.Log - User clicked on searchbox
20:39:06.113 [main] INFO  com.mystoreUtility.Log - Product get displayed
20:39:06.114 [main] INFO  com.mystoreUtility.Log - =====================================searchProduct END START=========================================
20:39:15.350 [main] INFO  com.mystoreUtility.Log - =====================================verifyLogo TEST START=========================================
20:39:15.351 [main] INFO  com.mystoreUtility.Log - User is going to click
20:39:15.476 [main] INFO  com.mystoreUtility.Log - User clicked on sign In button
20:39:15.482 [main] INFO  com.mystoreUtility.Log - =====================================verifyLogo END START=========================================
20:39:24.598 [main] INFO  com.mystoreUtility.Log - =====================================verifyTitle TEST START=========================================
20:39:24.616 [main] INFO  com.mystoreUtility.Log - =====================================verifyTitle END START=========================================
21:35:01.775 [main] INFO  com.mystoreUtility.Log - =====================================searchproduct TEST START=========================================
21:35:01.849 [main] INFO  com.mystoreUtility.Log - User clicked on searchbox
21:35:02.771 [main] INFO  com.mystoreUtility.Log - Product get displayed
21:35:02.772 [main] INFO  com.mystoreUtility.Log - =====================================searchProduct END START=========================================
21:35:08.665 [main] INFO  com.mystoreUtility.Log - =====================================verifyLogo TEST START=========================================
21:35:08.672 [main] INFO  com.mystoreUtility.Log - User is going to click
21:35:10.066 [main] INFO  com.mystoreUtility.Log - User clicked on sign In button
21:35:10.070 [main] INFO  com.mystoreUtility.Log - =====================================verifyLogo END START=========================================
21:35:16.620 [main] INFO  com.mystoreUtility.Log - =====================================verifyTitle TEST START=========================================
21:35:16.876 [main] INFO  com.mystoreUtility.Log - =====================================verifyTitle END START=========================================
21:35:24.893 [main] INFO  com.mystoreUtility.Log - =====================================Login Test TEST START=========================================
21:36:37.839 [main] INFO  com.mystoreUtility.Log - =====================================Login Test TEST START=========================================
21:38:18.698 [main] INFO  com.mystoreUtility.Log - =====================================Login Test TEST START=========================================
14:50:35.413 [main] INFO  com.mystoreUtility.Log - =====================================searchproduct TEST START=========================================
14:50:35.506 [main] INFO  com.mystoreUtility.Log - User clicked on searchbox
14:50:35.961 [main] INFO  com.mystoreUtility.Log - Product get displayed
14:50:35.961 [main] INFO  com.mystoreUtility.Log - =====================================searchProduct END START=========================================
14:50:43.990 [main] INFO  com.mystoreUtility.Log - =====================================verifyLogo TEST START=========================================
14:50:43.990 [main] INFO  com.mystoreUtility.Log - User is going to click
14:50:44.339 [main] INFO  com.mystoreUtility.Log - User clicked on sign In button
14:50:44.344 [main] INFO  com.mystoreUtility.Log - =====================================verifyLogo END START=========================================
14:50:53.982 [main] INFO  com.mystoreUtility.Log - =====================================verifyTitle TEST START=========================================
14:50:54.012 [main] INFO  com.mystoreUtility.Log - =====================================verifyTitle END START=========================================
14:51:55.810 [main] INFO  com.mystoreUtility.Log - =====================================searchproduct TEST START=========================================
14:51:55.931 [main] INFO  com.mystoreUtility.Log - User clicked on searchbox
14:51:56.389 [main] INFO  com.mystoreUtility.Log - Product get displayed
14:51:56.389 [main] INFO  com.mystoreUtility.Log - =====================================searchProduct END START=========================================
14:53:10.946 [main] INFO  com.mystoreUtility.Log - =====================================searchproduct TEST START=========================================
14:53:11.331 [main] INFO  com.mystoreUtility.Log - User clicked on searchbox
14:53:11.905 [main] INFO  com.mystoreUtility.Log - Product get displayed
14:53:11.905 [main] INFO  com.mystoreUtility.Log - =====================================searchProduct END START=========================================
15:02:45.627 [main] INFO  com.mystoreUtility.Log - =====================================searchproduct TEST START=========================================
15:02:45.839 [main] INFO  com.mystoreUtility.Log - User clicked on searchbox
15:02:46.661 [main] INFO  com.mystoreUtility.Log - Product get displayed
15:02:46.661 [main] INFO  com.mystoreUtility.Log - =====================================searchProduct END START=========================================
15:02:53.981 [main] INFO  com.mystoreUtility.Log - =====================================verifyLogo Smoke Test TEST START=========================================
15:02:53.983 [main] INFO  com.mystoreUtility.Log - User is going to click
15:02:54.427 [main] INFO  com.mystoreUtility.Log - User clicked on sign In button
15:02:54.431 [main] INFO  com.mystoreUtility.Log - =====================================verifyLogo END START=========================================
15:03:03.896 [main] INFO  com.mystoreUtility.Log - =====================================verifyTitle Smoke Test TEST START=========================================
15:03:03.986 [main] INFO  com.mystoreUtility.Log - =====================================verifyTitle END START=========================================
15:03:12.119 [main] INFO  com.mystoreUtility.Log - =====================================searchproduct TEST START=========================================
15:03:12.122 [main] INFO  com.mystoreUtility.Log - User clicked on searchbox
15:03:13.068 [main] INFO  com.mystoreUtility.Log - Product get displayed
15:03:13.068 [main] INFO  com.mystoreUtility.Log - =====================================searchProduct END START=========================================
15:03:19.267 [main] INFO  com.mystoreUtility.Log - =====================================verifyLogo Smoke Test TEST START=========================================
15:03:19.272 [main] INFO  com.mystoreUtility.Log - User is going to click
15:03:21.333 [main] INFO  com.mystoreUtility.Log - User clicked on sign In button
15:03:21.335 [main] INFO  com.mystoreUtility.Log - =====================================verifyLogo END START=========================================
15:03:28.985 [main] INFO  com.mystoreUtility.Log - =====================================verifyTitle Smoke Test TEST START=========================================
15:03:29.034 [main] INFO  com.mystoreUtility.Log - =====================================verifyTitle END START=========================================
15:04:48.868 [main] INFO  com.mystoreUtility.Log - =====================================searchproduct TEST START=========================================
15:04:48.945 [main] INFO  com.mystoreUtility.Log - User clicked on searchbox
15:04:49.546 [main] INFO  com.mystoreUtility.Log - Product get displayed
15:04:49.547 [main] INFO  com.mystoreUtility.Log - =====================================searchProduct END START=========================================
15:04:55.760 [main] INFO  com.mystoreUtility.Log - =====================================verifyLogo Smoke Test TEST START=========================================
15:04:55.761 [main] INFO  com.mystoreUtility.Log - User is going to click
15:04:55.960 [main] INFO  com.mystoreUtility.Log - User clicked on sign In button
15:04:55.968 [main] INFO  com.mystoreUtility.Log - =====================================verifyLogo END START=========================================
15:05:06.251 [main] INFO  com.mystoreUtility.Log - =====================================verifyTitle Smoke Test TEST START=========================================
15:05:06.277 [main] INFO  com.mystoreUtility.Log - =====================================verifyTitle END START=========================================
15:05:14.417 [main] INFO  com.mystoreUtility.Log - =====================================searchproduct TEST START=========================================
15:05:14.419 [main] INFO  com.mystoreUtility.Log - User clicked on searchbox
15:05:15.990 [main] INFO  com.mystoreUtility.Log - Product get displayed
15:05:15.990 [main] INFO  com.mystoreUtility.Log - =====================================searchProduct END START=========================================
15:05:25.405 [main] INFO  com.mystoreUtility.Log - =====================================verifyLogo Smoke Test TEST START=========================================
15:05:25.415 [main] INFO  com.mystoreUtility.Log - User is going to click
15:05:25.613 [main] INFO  com.mystoreUtility.Log - User clicked on sign In button
15:05:25.614 [main] INFO  com.mystoreUtility.Log - =====================================verifyLogo END START=========================================
15:05:31.495 [main] INFO  com.mystoreUtility.Log - =====================================verifyTitle Smoke Test TEST START=========================================
15:05:31.539 [main] INFO  com.mystoreUtility.Log - =====================================verifyTitle END START=========================================
15:47:16.849 [TestNG-tests-2] INFO  com.mystoreUtility.Log - =====================================searchproduct TEST START=========================================
15:47:17.001 [TestNG-tests-2] INFO  com.mystoreUtility.Log - User clicked on searchbox
15:47:17.818 [TestNG-tests-1] INFO  com.mystoreUtility.Log - =====================================searchproduct TEST START=========================================
15:47:17.819 [TestNG-tests-1] INFO  com.mystoreUtility.Log - User clicked on searchbox
15:47:19.127 [TestNG-tests-1] INFO  com.mystoreUtility.Log - Product get displayed
15:47:19.128 [TestNG-tests-1] INFO  com.mystoreUtility.Log - =====================================searchProduct END START=========================================
15:47:19.536 [TestNG-tests-2] INFO  com.mystoreUtility.Log - Product get displayed
15:47:19.536 [TestNG-tests-2] INFO  com.mystoreUtility.Log - =====================================searchProduct END START=========================================
15:47:27.673 [TestNG-tests-2] INFO  com.mystoreUtility.Log - =====================================verifyLogo Smoke Test TEST START=========================================
15:47:27.676 [TestNG-tests-2] INFO  com.mystoreUtility.Log - User is going to click
15:47:28.152 [TestNG-tests-2] INFO  com.mystoreUtility.Log - User clicked on sign In button
15:47:28.158 [TestNG-tests-2] INFO  com.mystoreUtility.Log - =====================================verifyLogo END START=========================================
15:47:29.132 [TestNG-tests-1] INFO  com.mystoreUtility.Log - =====================================verifyLogo Smoke Test TEST START=========================================
15:47:29.136 [TestNG-tests-1] INFO  com.mystoreUtility.Log - User is going to click
15:47:29.853 [TestNG-tests-1] INFO  com.mystoreUtility.Log - User clicked on sign In button
15:47:29.853 [TestNG-tests-1] INFO  com.mystoreUtility.Log - =====================================verifyLogo END START=========================================
15:47:36.049 [TestNG-tests-2] INFO  com.mystoreUtility.Log - =====================================verifyTitle Smoke Test TEST START=========================================
15:47:37.817 [TestNG-tests-2] INFO  com.mystoreUtility.Log - =====================================verifyTitle END START=========================================
15:47:39.374 [TestNG-tests-1] INFO  com.mystoreUtility.Log - =====================================verifyTitle Smoke Test TEST START=========================================
15:47:39.823 [TestNG-tests-1] INFO  com.mystoreUtility.Log - =====================================verifyTitle END START=========================================
15:50:43.108 [TestNG-tests-2] INFO  com.mystoreUtility.Log - =====================================searchproduct TEST START=========================================
15:50:43.386 [TestNG-tests-2] INFO  com.mystoreUtility.Log - User clicked on searchbox
15:50:45.629 [TestNG-tests-2] INFO  com.mystoreUtility.Log - Product get displayed
15:50:45.629 [TestNG-tests-2] INFO  com.mystoreUtility.Log - =====================================searchProduct END START=========================================
15:50:46.922 [TestNG-tests-1] INFO  com.mystoreUtility.Log - =====================================searchproduct TEST START=========================================
15:50:46.922 [TestNG-tests-1] INFO  com.mystoreUtility.Log - User clicked on searchbox
15:50:47.605 [TestNG-tests-1] INFO  com.mystoreUtility.Log - Product get displayed
15:50:47.605 [TestNG-tests-1] INFO  com.mystoreUtility.Log - =====================================searchProduct END START=========================================
15:50:52.596 [TestNG-tests-2] INFO  com.mystoreUtility.Log - =====================================verifyLogo Smoke Test TEST START=========================================
15:50:52.601 [TestNG-tests-2] INFO  com.mystoreUtility.Log - User is going to click
15:50:53.024 [TestNG-tests-2] INFO  com.mystoreUtility.Log - User clicked on sign In button
15:50:53.029 [TestNG-tests-2] INFO  com.mystoreUtility.Log - =====================================verifyLogo END START=========================================
15:51:00.435 [TestNG-tests-1] INFO  com.mystoreUtility.Log - =====================================verifyLogo Smoke Test TEST START=========================================
15:51:00.435 [TestNG-tests-1] INFO  com.mystoreUtility.Log - User is going to click
15:51:00.564 [TestNG-tests-2] INFO  com.mystoreUtility.Log - =====================================verifyTitle Smoke Test TEST START=========================================
15:51:00.937 [TestNG-tests-2] INFO  com.mystoreUtility.Log - =====================================verifyTitle END START=========================================
15:51:01.312 [TestNG-tests-1] INFO  com.mystoreUtility.Log - User clicked on sign In button
15:51:01.312 [TestNG-tests-1] INFO  com.mystoreUtility.Log - =====================================verifyLogo END START=========================================
15:51:08.672 [TestNG-tests-1] INFO  com.mystoreUtility.Log - =====================================verifyTitle Smoke Test TEST START=========================================
15:51:08.755 [TestNG-tests-1] INFO  com.mystoreUtility.Log - =====================================verifyTitle END START=========================================
15:53:58.272 [TestNG-tests-2] INFO  com.mystoreUtility.Log - =====================================searchproduct TEST START=========================================
15:53:58.353 [TestNG-tests-2] INFO  com.mystoreUtility.Log - User clicked on searchbox
15:53:58.818 [TestNG-tests-2] INFO  com.mystoreUtility.Log - Product get displayed
15:53:58.818 [TestNG-tests-2] INFO  com.mystoreUtility.Log - =====================================searchProduct END START=========================================
15:54:02.294 [TestNG-tests-1] INFO  com.mystoreUtility.Log - =====================================searchproduct TEST START=========================================
15:54:02.294 [TestNG-tests-1] INFO  com.mystoreUtility.Log - User clicked on searchbox
15:54:03.006 [TestNG-tests-1] INFO  com.mystoreUtility.Log - Product get displayed
15:54:03.006 [TestNG-tests-1] INFO  com.mystoreUtility.Log - =====================================searchProduct END START=========================================
15:54:05.617 [TestNG-tests-2] INFO  com.mystoreUtility.Log - =====================================verifyLogo TEST START=========================================
15:54:05.617 [TestNG-tests-2] INFO  com.mystoreUtility.Log - VerifyLogo Smoke Test
15:54:05.617 [TestNG-tests-2] INFO  com.mystoreUtility.Log - User is going to click
15:54:05.968 [TestNG-tests-2] INFO  com.mystoreUtility.Log - User clicked on sign In button
15:54:05.979 [TestNG-tests-2] INFO  com.mystoreUtility.Log - =====================================verifyLogo END START=========================================
15:54:13.269 [TestNG-tests-1] INFO  com.mystoreUtility.Log - =====================================verifyLogo TEST START=========================================
15:54:13.270 [TestNG-tests-1] INFO  com.mystoreUtility.Log - VerifyLogo Smoke Test
15:54:13.274 [TestNG-tests-1] INFO  com.mystoreUtility.Log - User is going to click
15:54:13.712 [TestNG-tests-1] INFO  com.mystoreUtility.Log - User clicked on sign In button
15:54:13.712 [TestNG-tests-1] INFO  com.mystoreUtility.Log - =====================================verifyLogo END START=========================================
15:54:14.242 [TestNG-tests-2] INFO  com.mystoreUtility.Log - =====================================verifyTitle TEST START=========================================
15:54:14.243 [TestNG-tests-2] INFO  com.mystoreUtility.Log - Verift Title Smoke Test
15:54:14.550 [TestNG-tests-2] INFO  com.mystoreUtility.Log - =====================================verifyTitle END START=========================================
15:54:20.814 [TestNG-tests-1] INFO  com.mystoreUtility.Log - =====================================verifyTitle TEST START=========================================
15:54:20.815 [TestNG-tests-1] INFO  com.mystoreUtility.Log - Verift Title Smoke Test
15:54:20.861 [TestNG-tests-1] INFO  com.mystoreUtility.Log - =====================================verifyTitle END START=========================================
15:56:57.707 [TestNG-tests-2] INFO  com.mystoreUtility.Log - =====================================verifyLogo TEST START=========================================
15:56:57.716 [TestNG-tests-2] INFO  com.mystoreUtility.Log - VerifyLogo Smoke Test
15:56:57.846 [TestNG-tests-2] INFO  com.mystoreUtility.Log - User is going to click
15:56:59.600 [TestNG-tests-2] INFO  com.mystoreUtility.Log - User clicked on sign In button
15:56:59.605 [TestNG-tests-2] INFO  com.mystoreUtility.Log - =====================================verifyLogo END START=========================================
15:57:03.342 [TestNG-tests-1] INFO  com.mystoreUtility.Log - =====================================verifyLogo TEST START=========================================
15:57:03.343 [TestNG-tests-1] INFO  com.mystoreUtility.Log - VerifyLogo Smoke Test
15:57:03.343 [TestNG-tests-1] INFO  com.mystoreUtility.Log - User is going to click
15:57:03.905 [TestNG-tests-1] INFO  com.mystoreUtility.Log - User clicked on sign In button
15:57:03.906 [TestNG-tests-1] INFO  com.mystoreUtility.Log - =====================================verifyLogo END START=========================================
15:57:11.641 [TestNG-tests-2] INFO  com.mystoreUtility.Log - =====================================searchproduct TEST START=========================================
15:57:11.642 [TestNG-tests-2] INFO  com.mystoreUtility.Log - User clicked on searchbox
15:57:12.458 [TestNG-tests-2] INFO  com.mystoreUtility.Log - Product get displayed
15:57:12.458 [TestNG-tests-2] INFO  com.mystoreUtility.Log - =====================================searchProduct END START=========================================
15:57:13.861 [TestNG-tests-1] INFO  com.mystoreUtility.Log - =====================================searchproduct TEST START=========================================
15:57:13.865 [TestNG-tests-1] INFO  com.mystoreUtility.Log - User clicked on searchbox
15:57:16.458 [TestNG-tests-1] INFO  com.mystoreUtility.Log - Product get displayed
15:57:16.458 [TestNG-tests-1] INFO  com.mystoreUtility.Log - =====================================searchProduct END START=========================================
15:57:18.584 [TestNG-tests-2] INFO  com.mystoreUtility.Log - =====================================verifyTitle TEST START=========================================
15:57:18.584 [TestNG-tests-2] INFO  com.mystoreUtility.Log - Verift Title Smoke Test
15:57:19.079 [TestNG-tests-2] INFO  com.mystoreUtility.Log - =====================================verifyTitle END START=========================================
15:57:22.657 [TestNG-tests-1] INFO  com.mystoreUtility.Log - =====================================verifyTitle TEST START=========================================
15:57:22.657 [TestNG-tests-1] INFO  com.mystoreUtility.Log - Verift Title Smoke Test
15:57:22.727 [TestNG-tests-1] INFO  com.mystoreUtility.Log - =====================================verifyTitle END START=========================================
16:02:31.826 [TestNG-tests-1] INFO  com.mystoreUtility.Log - =====================================verifyLogo TEST START=========================================
16:02:31.929 [TestNG-tests-1] INFO  com.mystoreUtility.Log - VerifyLogo Smoke Test
16:02:32.359 [TestNG-tests-1] INFO  com.mystoreUtility.Log - User is going to click
16:02:32.679 [TestNG-tests-2] INFO  com.mystoreUtility.Log - =====================================verifyLogo TEST START=========================================
16:02:32.680 [TestNG-tests-2] INFO  com.mystoreUtility.Log - VerifyLogo Smoke Test
16:02:32.681 [TestNG-tests-2] INFO  com.mystoreUtility.Log - User is going to click
16:02:32.997 [TestNG-tests-1] INFO  com.mystoreUtility.Log - User clicked on sign In button
16:02:33.000 [TestNG-tests-1] INFO  com.mystoreUtility.Log - =====================================verifyLogo END START=========================================
16:02:33.120 [TestNG-tests-2] INFO  com.mystoreUtility.Log - User clicked on sign In button
16:02:33.120 [TestNG-tests-2] INFO  com.mystoreUtility.Log - =====================================verifyLogo END START=========================================
16:02:39.041 [TestNG-tests-2] INFO  com.mystoreUtility.Log - =====================================searchproduct TEST START=========================================
16:02:39.041 [TestNG-tests-2] INFO  com.mystoreUtility.Log - User clicked on searchbox
16:02:39.544 [TestNG-tests-2] INFO  com.mystoreUtility.Log - Product get displayed
16:02:39.544 [TestNG-tests-2] INFO  com.mystoreUtility.Log - =====================================searchProduct END START=========================================
16:02:42.727 [TestNG-tests-1] INFO  com.mystoreUtility.Log - =====================================searchproduct TEST START=========================================
16:02:42.730 [TestNG-tests-1] INFO  com.mystoreUtility.Log - User clicked on searchbox
16:02:43.139 [TestNG-tests-1] INFO  com.mystoreUtility.Log - Product get displayed
16:02:43.139 [TestNG-tests-1] INFO  com.mystoreUtility.Log - =====================================searchProduct END START=========================================
16:02:47.561 [TestNG-tests-2] INFO  com.mystoreUtility.Log - =====================================verifyTitle TEST START=========================================
16:02:47.561 [TestNG-tests-2] INFO  com.mystoreUtility.Log - Verift Title Smoke Test
16:02:47.692 [TestNG-tests-2] INFO  com.mystoreUtility.Log - =====================================verifyTitle END START=========================================
16:02:50.696 [TestNG-tests-1] INFO  com.mystoreUtility.Log - =====================================verifyTitle TEST START=========================================
16:02:50.696 [TestNG-tests-1] INFO  com.mystoreUtility.Log - Verift Title Smoke Test
16:02:50.940 [TestNG-tests-1] INFO  com.mystoreUtility.Log - =====================================verifyTitle END START=========================================
16:40:50.508 [main] INFO  com.mystoreUtility.Log - =====================================Login Test TEST START=========================================
16:42:40.901 [main] INFO  com.mystoreUtility.Log - =====================================Login Test TEST START=========================================
16:44:54.552 [main] INFO  com.mystoreUtility.Log - =====================================Login Test TEST START=========================================
16:45:40.289 [main] INFO  com.mystoreUtility.Log - =====================================Login Test TEST START=========================================
16:52:42.248 [main] INFO  com.mystoreUtility.Log - =====================================Login Test TEST START=========================================
17:32:51.264 [main] INFO  com.mystoreUtility.Log - =====================================searchproduct TEST START=========================================
17:32:51.371 [main] INFO  com.mystoreUtility.Log - User clicked on searchbox
17:32:51.778 [main] INFO  com.mystoreUtility.Log - Product get displayed
17:32:51.778 [main] INFO  com.mystoreUtility.Log - =====================================searchProduct END START=========================================
17:35:57.645 [main] INFO  com.mystoreUtility.Log - =====================================verifyLogo TEST START=========================================
17:35:57.649 [main] INFO  com.mystoreUtility.Log - VerifyLogo Smoke Test
17:35:57.799 [main] INFO  com.mystoreUtility.Log - User is going to click
17:35:57.968 [main] INFO  com.mystoreUtility.Log - User clicked on sign In button
17:35:57.971 [main] INFO  com.mystoreUtility.Log - =====================================verifyLogo END START=========================================
17:36:04.091 [main] INFO  com.mystoreUtility.Log - =====================================searchproduct TEST START=========================================
17:36:04.092 [main] INFO  com.mystoreUtility.Log - User clicked on searchbox
17:36:04.527 [main] INFO  com.mystoreUtility.Log - Product get displayed
17:36:04.528 [main] INFO  com.mystoreUtility.Log - =====================================searchProduct END START=========================================
17:36:08.786 [main] INFO  com.mystoreUtility.Log - =====================================verifyTitle TEST START=========================================
17:36:08.786 [main] INFO  com.mystoreUtility.Log - Verift Title Smoke Test
17:36:08.804 [main] INFO  com.mystoreUtility.Log - =====================================verifyTitle END START=========================================
17:36:15.337 [main] INFO  com.mystoreUtility.Log - =====================================Login Test TEST START=========================================
19:08:01.198 [main] INFO  com.mystoreUtility.Log - =====================================verifyLogo TEST START=========================================
19:08:01.228 [main] INFO  com.mystoreUtility.Log - VerifyLogo Smoke Test
19:08:01.387 [main] INFO  com.mystoreUtility.Log - User is going to click
19:08:01.609 [main] INFO  com.mystoreUtility.Log - User clicked on sign In button
19:08:01.617 [main] INFO  com.mystoreUtility.Log - =====================================verifyLogo END START=========================================
19:08:09.374 [main] INFO  com.mystoreUtility.Log - =====================================searchproduct TEST START=========================================
19:08:09.375 [main] INFO  com.mystoreUtility.Log - User clicked on searchbox
19:08:10.259 [main] INFO  com.mystoreUtility.Log - Product get displayed
19:08:10.259 [main] INFO  com.mystoreUtility.Log - =====================================searchProduct END START=========================================
19:08:15.790 [main] INFO  com.mystoreUtility.Log - =====================================verifyTitle TEST START=========================================
19:08:15.790 [main] INFO  com.mystoreUtility.Log - Verift Title Smoke Test
19:08:16.396 [main] INFO  com.mystoreUtility.Log - =====================================verifyTitle END START=========================================
19:11:30.638 [main] INFO  com.mystoreUtility.Log - =====================================verifyLogo TEST START=========================================
19:11:30.649 [main] INFO  com.mystoreUtility.Log - VerifyLogo Smoke Test
19:11:30.731 [main] INFO  com.mystoreUtility.Log - User is going to click
19:11:30.948 [main] INFO  com.mystoreUtility.Log - User clicked on sign In button
19:11:30.948 [main] INFO  com.mystoreUtility.Log - =====================================verifyLogo END START=========================================
19:11:37.527 [main] INFO  com.mystoreUtility.Log - =====================================verifyTitle TEST START=========================================
19:11:37.537 [main] INFO  com.mystoreUtility.Log - Verift Title Smoke Test
19:11:37.621 [main] INFO  com.mystoreUtility.Log - =====================================verifyTitle END START=========================================
19:11:54.089 [main] INFO  com.mystoreUtility.Log - =====================================Login Test TEST START=========================================
19:32:42.330 [main] INFO  com.mystoreUtility.Log - =====================================verifyLogo TEST START=========================================
19:32:42.340 [main] INFO  com.mystoreUtility.Log - VerifyLogo Smoke Test
19:32:42.554 [main] INFO  com.mystoreUtility.Log - User is going to click
19:32:43.011 [main] INFO  com.mystoreUtility.Log - User clicked on sign In button
19:32:43.015 [main] INFO  com.mystoreUtility.Log - =====================================verifyLogo END START=========================================
19:32:52.367 [main] INFO  com.mystoreUtility.Log - =====================================searchproduct TEST START=========================================
19:32:52.368 [main] INFO  com.mystoreUtility.Log - User clicked on searchbox
19:32:57.479 [main] INFO  com.mystoreUtility.Log - Product get displayed
19:32:57.479 [main] INFO  com.mystoreUtility.Log - =====================================searchProduct END START=========================================
19:33:05.641 [main] INFO  com.mystoreUtility.Log - =====================================verifyTitle TEST START=========================================
19:33:05.642 [main] INFO  com.mystoreUtility.Log - Verift Title Smoke Test
19:33:05.663 [main] INFO  com.mystoreUtility.Log - =====================================verifyTitle END START=========================================
19:33:14.853 [main] INFO  com.mystoreUtility.Log - =====================================Login Test TEST START=========================================
19:36:39.297 [main] INFO  com.mystoreUtility.Log - =====================================verifyLogo TEST START=========================================
19:36:39.311 [main] INFO  com.mystoreUtility.Log - VerifyLogo Smoke Test
19:36:39.437 [main] INFO  com.mystoreUtility.Log - User is going to click
19:36:39.715 [main] INFO  com.mystoreUtility.Log - User clicked on sign In button
19:36:39.720 [main] INFO  com.mystoreUtility.Log - =====================================verifyLogo END START=========================================
19:36:51.430 [main] INFO  com.mystoreUtility.Log - =====================================searchproduct TEST START=========================================
19:36:51.433 [main] INFO  com.mystoreUtility.Log - User clicked on searchbox
19:36:52.568 [main] INFO  com.mystoreUtility.Log - Product get displayed
19:36:52.568 [main] INFO  com.mystoreUtility.Log - =====================================searchProduct END START=========================================
19:37:04.680 [main] INFO  com.mystoreUtility.Log - =====================================verifyTitle TEST START=========================================
19:37:04.681 [main] INFO  com.mystoreUtility.Log - Verift Title Smoke Test
19:37:04.929 [main] INFO  com.mystoreUtility.Log - =====================================verifyTitle END START=========================================
19:37:14.910 [main] INFO  com.mystoreUtility.Log - =====================================Login Test TEST START=========================================
19:41:50.489 [main] INFO  com.mystoreUtility.Log - =====================================verifyLogo TEST START=========================================
19:41:50.497 [main] INFO  com.mystoreUtility.Log - VerifyLogo Smoke Test
19:41:50.546 [main] INFO  com.mystoreUtility.Log - User is going to click
19:41:51.053 [main] INFO  com.mystoreUtility.Log - User clicked on sign In button
19:41:51.055 [main] INFO  com.mystoreUtility.Log - =====================================verifyLogo END START=========================================
19:42:00.777 [main] INFO  com.mystoreUtility.Log - =====================================verifyTitle TEST START=========================================
19:42:00.783 [main] INFO  com.mystoreUtility.Log - Verift Title Smoke Test
19:42:01.169 [main] INFO  com.mystoreUtility.Log - =====================================verifyTitle END START=========================================
19:46:15.469 [main] INFO  com.mystoreUtility.Log - =====================================verifyLogo TEST START=========================================
19:46:15.469 [main] INFO  com.mystoreUtility.Log - VerifyLogo Smoke Test
19:46:15.514 [main] INFO  com.mystoreUtility.Log - User is going to click
19:46:15.719 [main] INFO  com.mystoreUtility.Log - User clicked on sign In button
19:46:15.727 [main] INFO  com.mystoreUtility.Log - =====================================verifyLogo END START=========================================
19:46:27.507 [main] INFO  com.mystoreUtility.Log - =====================================searchproduct TEST START=========================================
19:46:27.508 [main] INFO  com.mystoreUtility.Log - User clicked on searchbox
19:46:28.225 [main] INFO  com.mystoreUtility.Log - Product get displayed
19:46:28.225 [main] INFO  com.mystoreUtility.Log - =====================================searchProduct END START=========================================
19:46:37.259 [main] INFO  com.mystoreUtility.Log - =====================================verifyTitle TEST START=========================================
19:46:37.260 [main] INFO  com.mystoreUtility.Log - Verift Title Smoke Test
19:46:37.291 [main] INFO  com.mystoreUtility.Log - =====================================verifyTitle END START=========================================
19:47:45.106 [main] INFO  com.mystoreUtility.Log - =====================================verifyLogo TEST START=========================================
19:47:45.135 [main] INFO  com.mystoreUtility.Log - VerifyLogo Smoke Test
19:47:45.287 [main] INFO  com.mystoreUtility.Log - User is going to click
19:47:45.754 [main] INFO  com.mystoreUtility.Log - User clicked on sign In button
19:47:45.758 [main] INFO  com.mystoreUtility.Log - =====================================verifyLogo END START=========================================
19:47:58.127 [main] INFO  com.mystoreUtility.Log - =====================================searchproduct TEST START=========================================
19:47:58.128 [main] INFO  com.mystoreUtility.Log - User clicked on searchbox
19:47:58.764 [main] INFO  com.mystoreUtility.Log - Product get displayed
19:47:58.764 [main] INFO  com.mystoreUtility.Log - =====================================searchProduct END START=========================================
19:48:07.018 [main] INFO  com.mystoreUtility.Log - =====================================verifyTitle TEST START=========================================
19:48:07.019 [main] INFO  com.mystoreUtility.Log - Verift Title Smoke Test
19:48:07.049 [main] INFO  com.mystoreUtility.Log - =====================================verifyTitle END START=========================================
11:54:19.277 [main] INFO  com.mystoreUtility.Log - =====================================verifyLogo TEST START=========================================
11:54:19.293 [main] INFO  com.mystoreUtility.Log - VerifyLogo Smoke Test
11:54:19.641 [main] INFO  com.mystoreUtility.Log - User is going to click
11:54:19.942 [main] INFO  com.mystoreUtility.Log - User clicked on sign In button
11:54:19.957 [main] INFO  com.mystoreUtility.Log - =====================================verifyLogo END START=========================================
11:54:28.072 [main] INFO  com.mystoreUtility.Log - =====================================searchproduct TEST START=========================================
11:54:28.072 [main] INFO  com.mystoreUtility.Log - User clicked on searchbox
11:54:28.559 [main] INFO  com.mystoreUtility.Log - Product get displayed
11:54:28.561 [main] INFO  com.mystoreUtility.Log - =====================================searchProduct END START=========================================
11:54:38.796 [main] INFO  com.mystoreUtility.Log - =====================================verifyTitle TEST START=========================================
11:54:38.797 [main] INFO  com.mystoreUtility.Log - Verift Title Smoke Test
11:54:38.859 [main] INFO  com.mystoreUtility.Log - =====================================verifyTitle END START=========================================
19:57:34.072 [main] INFO  com.mystoreUtility.Log - =====================================verifyLogo TEST START=========================================
19:57:34.088 [main] INFO  com.mystoreUtility.Log - VerifyLogo Smoke Test
19:57:34.243 [main] INFO  com.mystoreUtility.Log - User is going to click
19:57:34.799 [main] INFO  com.mystoreUtility.Log - User clicked on sign In button
19:57:34.803 [main] INFO  com.mystoreUtility.Log - =====================================verifyLogo TEST START=========================================
19:57:42.531 [main] INFO  com.mystoreUtility.Log - =====================================verifyTitle TEST START=========================================
19:57:42.532 [main] INFO  com.mystoreUtility.Log - Verift Title Smoke Test
19:57:43.163 [main] INFO  com.mystoreUtility.Log - =====================================verifyTitle TEST START=========================================
20:01:42.593 [main] INFO  com.mystoreUtility.Log - =====================================verifyLogo TEST START=========================================
20:01:42.601 [main] INFO  com.mystoreUtility.Log - VerifyLogo Smoke Test
20:01:42.647 [main] INFO  com.mystoreUtility.Log - User is going to click
20:01:43.463 [main] INFO  com.mystoreUtility.Log - User clicked on sign In button
20:01:43.470 [main] INFO  com.mystoreUtility.Log - =====================================verifyLogo TEST START=========================================
20:03:23.754 [main] INFO  com.mystoreUtility.Log - =====================================verifyLogo TEST START=========================================
20:03:23.771 [main] INFO  com.mystoreUtility.Log - VerifyLogo Smoke Test
20:03:23.821 [main] INFO  com.mystoreUtility.Log - User is going to click
20:03:24.535 [main] INFO  com.mystoreUtility.Log - User clicked on sign In button
20:03:24.540 [main] INFO  com.mystoreUtility.Log - =====================================verifyLogo TEST START=========================================
20:03:30.922 [main] INFO  com.mystoreUtility.Log - =====================================verifyTitle TEST START=========================================
20:03:30.922 [main] INFO  com.mystoreUtility.Log - Verift Title Smoke Test
20:03:31.008 [main] INFO  com.mystoreUtility.Log - =====================================verifyTitle TEST START=========================================
15:44:34.755 [main] INFO  com.amazonUtility.Log - =====================================verifyLogo TEST START=========================================
15:44:34.765 [main] INFO  com.amazonUtility.Log - VerifyLogo Smoke Test
15:44:34.809 [main] INFO  com.amazonUtility.Log - User is going to click
15:45:04.875 [main] INFO  com.amazonUtility.Log - User clicked on sign In button
15:45:04.882 [main] INFO  com.amazonUtility.Log - =====================================verifyLogo TEST START=========================================
15:46:46.386 [main] INFO  com.amazonUtility.Log - =====================================verifyLogo TEST START=========================================
15:46:46.389 [main] INFO  com.amazonUtility.Log - VerifyLogo Smoke Test
15:46:46.440 [main] INFO  com.amazonUtility.Log - User is going to click
15:46:46.708 [main] INFO  com.amazonUtility.Log - User clicked on sign In button
15:46:46.715 [main] INFO  com.amazonUtility.Log - =====================================verifyLogo TEST START=========================================
15:51:35.431 [main] INFO  com.amazonUtility.Log - =====================================verifyLogo TEST START=========================================
15:51:35.442 [main] INFO  com.amazonUtility.Log - VerifyLogo Smoke Test
15:51:35.584 [main] INFO  com.amazonUtility.Log - User is going to click
15:51:35.843 [main] INFO  com.amazonUtility.Log - User clicked on sign In button
15:51:35.846 [main] INFO  com.amazonUtility.Log - =====================================verifyLogo TEST START=========================================
15:51:41.904 [main] INFO  com.amazonUtility.Log - =====================================verifyTitle TEST START=========================================
15:51:41.905 [main] INFO  com.amazonUtility.Log - Verift Title Smoke Test
15:51:41.906 [main] INFO  com.amazonUtility.Log - =====================================verifyTitle TEST START=========================================
16:01:33.656 [main] INFO  com.amazonUtility.Log - =====================================verifyLogo TEST START=========================================
16:01:33.659 [main] INFO  com.amazonUtility.Log - VerifyLogo Test
16:02:17.821 [main] INFO  com.amazonUtility.Log - =====================================verifyLogo TEST START=========================================
16:02:17.825 [main] INFO  com.amazonUtility.Log - VerifyLogo Test
16:02:54.192 [main] INFO  com.amazonUtility.Log - =====================================verifyLogo TEST START=========================================
16:02:54.197 [main] INFO  com.amazonUtility.Log - VerifyLogo Test
16:02:54.562 [main] INFO  com.amazonUtility.Log - Logo Is displayed
16:02:54.566 [main] INFO  com.amazonUtility.Log - =====================================verifyLogo TEST START=========================================
16:02:59.696 [main] INFO  com.amazonUtility.Log - =====================================verifyTitle TEST START=========================================
16:02:59.697 [main] INFO  com.amazonUtility.Log - Verift Title Smoke Test
16:02:59.697 [main] INFO  com.amazonUtility.Log - =====================================verifyTitle TEST START=========================================
16:05:08.468 [main] INFO  com.amazonUtility.Log - =====================================verifyLogo TEST START=========================================
16:05:08.475 [main] INFO  com.amazonUtility.Log - VerifyLogo Test
16:06:14.073 [main] INFO  com.amazonUtility.Log - =====================================verifyLogo TEST START=========================================
16:06:14.077 [main] INFO  com.amazonUtility.Log - VerifyLogo Test
16:06:46.061 [main] INFO  com.amazonUtility.Log - =====================================verifyLogo TEST START=========================================
16:06:46.067 [main] INFO  com.amazonUtility.Log - VerifyLogo Test
16:06:46.247 [main] INFO  com.amazonUtility.Log - Logo Is displayed
16:06:46.253 [main] INFO  com.amazonUtility.Log - =====================================verifyLogo TEST START=========================================
16:06:52.047 [main] INFO  com.amazonUtility.Log - =====================================verifyTitle TEST START=========================================
16:06:52.047 [main] INFO  com.amazonUtility.Log - Verift Title Smoke Test
16:06:52.048 [main] INFO  com.amazonUtility.Log - =====================================verifyTitle TEST START=========================================
16:08:29.646 [main] INFO  com.amazonUtility.Log - =====================================verifyLogo TEST START=========================================
16:08:29.650 [main] INFO  com.amazonUtility.Log - VerifyLogo Test
16:08:29.969 [main] INFO  com.amazonUtility.Log - Logo Is displayed
16:08:29.972 [main] INFO  com.amazonUtility.Log - =====================================verifyLogo TEST START=========================================
16:08:33.502 [main] INFO  com.amazonUtility.Log - =====================================verifyTitle TEST START=========================================
16:08:33.521 [main] INFO  com.amazonUtility.Log - Verift Title Smoke Test
16:08:33.521 [main] INFO  com.amazonUtility.Log - =====================================verifyTitle TEST START=========================================
16:14:47.597 [main] INFO  com.amazonUtility.Log - =====================================verifyLogo TEST START=========================================
16:14:47.600 [main] INFO  com.amazonUtility.Log - VerifyLogo Test
16:15:31.952 [main] INFO  com.amazonUtility.Log - =====================================verifyLogo TEST START=========================================
16:15:32.014 [main] INFO  com.amazonUtility.Log - VerifyLogo Test
16:15:32.247 [main] INFO  com.amazonUtility.Log - Logo Is displayed
16:15:32.250 [main] INFO  com.amazonUtility.Log - =====================================verifyLogo TEST START=========================================
16:15:39.012 [main] INFO  com.amazonUtility.Log - =====================================verifyTitle TEST START=========================================
16:15:39.013 [main] INFO  com.amazonUtility.Log - Verift Title Smoke Test
16:15:39.013 [main] INFO  com.amazonUtility.Log - =====================================verifyTitle TEST START=========================================
16:20:19.499 [main] INFO  com.amazonUtility.Log - =====================================verifyLogo TEST START=========================================
16:20:19.506 [main] INFO  com.amazonUtility.Log - VerifyLogo Test
16:20:19.796 [main] INFO  com.amazonUtility.Log - Logo Is displayed
16:20:19.801 [main] INFO  com.amazonUtility.Log - =====================================verifyLogo TEST START=========================================
16:20:25.513 [main] INFO  com.amazonUtility.Log - =====================================verifyTitle TEST START=========================================
16:20:25.514 [main] INFO  com.amazonUtility.Log - Verift Title Smoke Test
16:20:25.514 [main] INFO  com.amazonUtility.Log - =====================================verifyTitle TEST START=========================================
16:20:31.823 [main] INFO  com.amazonUtility.Log - =====================================searchproduct TEST START=========================================
16:20:31.824 [main] INFO  com.amazonUtility.Log - User clicked on searchbox
16:20:36.112 [main] INFO  com.amazonUtility.Log - Product get displayed
16:20:36.112 [main] INFO  com.amazonUtility.Log - =====================================searchProduct TEST START=========================================
16:22:32.639 [main] INFO  com.amazonUtility.Log - =====================================verifyLogo TEST START=========================================
16:22:32.643 [main] INFO  com.amazonUtility.Log - VerifyLogo Test
16:22:32.958 [main] INFO  com.amazonUtility.Log - Logo Is displayed
16:22:32.962 [main] INFO  com.amazonUtility.Log - =====================================verifyLogo TEST START=========================================
16:22:36.066 [main] INFO  com.amazonUtility.Log - =====================================verifyTitle TEST START=========================================
16:22:36.066 [main] INFO  com.amazonUtility.Log - Verift Title Smoke Test
16:22:36.067 [main] INFO  com.amazonUtility.Log - =====================================verifyTitle TEST START=========================================
16:22:43.300 [main] INFO  com.amazonUtility.Log - =====================================searchproduct TEST START=========================================
16:22:43.300 [main] INFO  com.amazonUtility.Log - User clicked on searchbox
16:23:54.934 [main] INFO  com.amazonUtility.Log - =====================================verifyLogo TEST START=========================================
16:23:54.940 [main] INFO  com.amazonUtility.Log - VerifyLogo Test
17:09:35.586 [main] INFO  com.amazonUtility.Log - =====================================verifyLogo TEST START=========================================
17:09:35.590 [main] INFO  com.amazonUtility.Log - VerifyLogo Test
17:10:19.223 [main] INFO  com.amazonUtility.Log - =====================================verifyLogo TEST START=========================================
17:10:19.228 [main] INFO  com.amazonUtility.Log - VerifyLogo Test
17:12:39.585 [main] INFO  com.amazonUtility.Log - =====================================verifyLogo TEST START=========================================
17:12:39.594 [main] INFO  com.amazonUtility.Log - VerifyLogo Test
17:12:40.014 [main] INFO  com.amazonUtility.Log - Logo Is displayed
17:12:40.017 [main] INFO  com.amazonUtility.Log - =====================================verifyLogo TEST End=========================================
17:12:44.073 [main] INFO  com.amazonUtility.Log - =====================================verifyTitle TEST START=========================================
17:12:44.073 [main] INFO  com.amazonUtility.Log - Verift Title Smoke Test
17:12:44.074 [main] INFO  com.amazonUtility.Log - =====================================verifyTitle TEST End=========================================
17:12:49.050 [main] INFO  com.amazonUtility.Log - =====================================searchproduct TEST START=========================================
17:12:49.051 [main] INFO  com.amazonUtility.Log - User clicked on searchbox
17:12:53.301 [main] INFO  com.amazonUtility.Log - Product get displayed
17:12:53.302 [main] INFO  com.amazonUtility.Log - =====================================searchProduct TEST End=========================================
17:23:46.771 [main] INFO  com.amazonUtility.Log - =====================================verifyLogo TEST START=========================================
17:23:46.776 [main] INFO  com.amazonUtility.Log - VerifyLogo Test
17:23:46.906 [main] INFO  com.amazonUtility.Log - Logo Is displayed
17:23:46.909 [main] INFO  com.amazonUtility.Log - =====================================verifyLogo TEST End=========================================
17:23:52.038 [main] INFO  com.amazonUtility.Log - =====================================verifyTitle TEST START=========================================
17:23:52.039 [main] INFO  com.amazonUtility.Log - Verift Title Smoke Test
17:23:52.040 [main] INFO  com.amazonUtility.Log - =====================================verifyTitle TEST End=========================================
17:23:56.185 [main] INFO  com.amazonUtility.Log - =====================================searchproduct TEST START=========================================
17:23:56.186 [main] INFO  com.amazonUtility.Log - User clicked on searchbox
17:24:49.544 [main] INFO  com.amazonUtility.Log - =====================================verifyLogo TEST START=========================================
17:24:49.549 [main] INFO  com.amazonUtility.Log - VerifyLogo Test
17:24:49.685 [main] INFO  com.amazonUtility.Log - Logo Is displayed
17:24:49.688 [main] INFO  com.amazonUtility.Log - =====================================verifyLogo TEST End=========================================
17:24:54.128 [main] INFO  com.amazonUtility.Log - =====================================verifyTitle TEST START=========================================
17:24:54.128 [main] INFO  com.amazonUtility.Log - Verift Title Smoke Test
17:24:54.128 [main] INFO  com.amazonUtility.Log - =====================================verifyTitle TEST End=========================================
17:24:59.201 [main] INFO  com.amazonUtility.Log - =====================================searchproduct TEST START=========================================
17:24:59.202 [main] INFO  com.amazonUtility.Log - User clicked on searchbox
17:26:50.857 [main] INFO  com.amazonUtility.Log - =====================================verifyLogo TEST START=========================================
17:26:50.865 [main] INFO  com.amazonUtility.Log - VerifyLogo Test
17:26:51.333 [main] INFO  com.amazonUtility.Log - Logo Is displayed
17:26:51.337 [main] INFO  com.amazonUtility.Log - =====================================verifyLogo TEST End=========================================
17:26:55.600 [main] INFO  com.amazonUtility.Log - =====================================verifyTitle TEST START=========================================
17:26:55.600 [main] INFO  com.amazonUtility.Log - Verift Title Smoke Test
17:26:55.600 [main] INFO  com.amazonUtility.Log - =====================================verifyTitle TEST End=========================================
17:27:01.563 [main] INFO  com.amazonUtility.Log - =====================================searchproduct TEST START=========================================
17:27:01.566 [main] INFO  com.amazonUtility.Log - User clicked on searchbox
17:27:05.884 [main] INFO  com.amazonUtility.Log - Product get displayed
17:27:05.884 [main] INFO  com.amazonUtility.Log - =====================================searchProduct TEST End=========================================
17:29:56.703 [main] INFO  com.amazonUtility.Log - =====================================verifyLogo TEST START=========================================
17:29:56.707 [main] INFO  com.amazonUtility.Log - VerifyLogo Test
17:32:06.700 [main] INFO  com.amazonUtility.Log - =====================================verifyLogo TEST START=========================================
17:32:06.706 [main] INFO  com.amazonUtility.Log - VerifyLogo Test
17:32:39.560 [main] INFO  com.amazonUtility.Log - =====================================verifyLogo TEST START=========================================
17:32:39.581 [main] INFO  com.amazonUtility.Log - VerifyLogo Test
17:32:39.815 [main] INFO  com.amazonUtility.Log - Logo Is displayed
17:32:39.818 [main] INFO  com.amazonUtility.Log - =====================================verifyLogo TEST End=========================================
17:32:42.663 [main] INFO  com.amazonUtility.Log - =====================================verifyTitle TEST START=========================================
17:32:42.663 [main] INFO  com.amazonUtility.Log - Verift Title Smoke Test
17:32:42.663 [main] INFO  com.amazonUtility.Log - =====================================verifyTitle TEST End=========================================
17:32:46.983 [main] INFO  com.amazonUtility.Log - =====================================searchproduct TEST START=========================================
17:32:46.984 [main] INFO  com.amazonUtility.Log - User clicked on searchbox
17:33:30.512 [main] INFO  com.amazonUtility.Log - =====================================verifyLogo TEST START=========================================
17:33:30.595 [main] INFO  com.amazonUtility.Log - VerifyLogo Test
17:33:30.970 [main] INFO  com.amazonUtility.Log - Logo Is displayed
17:33:30.973 [main] INFO  com.amazonUtility.Log - =====================================verifyLogo TEST End=========================================
17:33:34.664 [main] INFO  com.amazonUtility.Log - =====================================verifyTitle TEST START=========================================
17:33:34.664 [main] INFO  com.amazonUtility.Log - Verift Title Smoke Test
17:33:34.665 [main] INFO  com.amazonUtility.Log - =====================================verifyTitle TEST End=========================================
17:33:39.434 [main] INFO  com.amazonUtility.Log - =====================================searchproduct TEST START=========================================
17:33:39.434 [main] INFO  com.amazonUtility.Log - User clicked on searchbox
17:33:44.185 [main] INFO  com.amazonUtility.Log - Product get displayed
17:33:44.186 [main] INFO  com.amazonUtility.Log - =====================================searchProduct TEST End=========================================
17:35:52.212 [main] INFO  com.amazonUtility.Log - =====================================verifyLogo TEST START=========================================
17:35:52.219 [main] INFO  com.amazonUtility.Log - VerifyLogo Test
17:35:52.500 [main] INFO  com.amazonUtility.Log - Logo Is displayed
17:35:52.502 [main] INFO  com.amazonUtility.Log - =====================================verifyLogo TEST End=========================================
17:35:57.861 [main] INFO  com.amazonUtility.Log - =====================================verifyTitle TEST START=========================================
17:35:57.861 [main] INFO  com.amazonUtility.Log - Verift Title Smoke Test
17:35:57.862 [main] INFO  com.amazonUtility.Log - =====================================verifyTitle TEST End=========================================
17:36:05.651 [main] INFO  com.amazonUtility.Log - =====================================searchproduct TEST START=========================================
17:36:05.651 [main] INFO  com.amazonUtility.Log - User clicked on searchbox
17:36:08.347 [main] INFO  com.amazonUtility.Log - Product get displayed
17:36:08.347 [main] INFO  com.amazonUtility.Log - =====================================searchProduct TEST End=========================================
17:45:48.630 [main] INFO  com.amazonUtility.Log - =====================================verifyLogo TEST START=========================================
17:45:48.633 [main] INFO  com.amazonUtility.Log - VerifyLogo Test
17:46:42.527 [main] INFO  com.amazonUtility.Log - =====================================verifyLogo TEST START=========================================
17:46:42.536 [main] INFO  com.amazonUtility.Log - VerifyLogo Test
17:47:51.205 [main] INFO  com.amazonUtility.Log - =====================================verifyLogo TEST START=========================================
17:47:51.212 [main] INFO  com.amazonUtility.Log - VerifyLogo Test
17:48:26.774 [main] INFO  com.amazonUtility.Log - =====================================verifyLogo TEST START=========================================
17:48:26.794 [main] INFO  com.amazonUtility.Log - VerifyLogo Test
17:49:25.475 [main] INFO  com.amazonUtility.Log - =====================================verifyLogo TEST START=========================================
17:49:25.519 [main] INFO  com.amazonUtility.Log - VerifyLogo Test
17:50:26.670 [main] INFO  com.amazonUtility.Log - =====================================verifyTitle TEST START=========================================
17:50:26.672 [main] INFO  com.amazonUtility.Log - Verift Title Smoke Test
17:50:26.679 [main] INFO  com.amazonUtility.Log - =====================================verifyTitle TEST End=========================================
17:50:36.088 [main] INFO  com.amazonUtility.Log - =====================================searchproduct TEST START=========================================
17:50:36.089 [main] INFO  com.amazonUtility.Log - User clicked on searchbox
17:51:35.196 [main] INFO  com.amazonUtility.Log - =====================================verifyLogo TEST START=========================================
17:51:35.207 [main] INFO  com.amazonUtility.Log - VerifyLogo Test
17:58:00.764 [main] INFO  com.amazonUtility.Log - =====================================verifyLogo TEST START=========================================
17:58:00.793 [main] INFO  com.amazonUtility.Log - VerifyLogo Test
17:58:01.179 [main] INFO  com.amazonUtility.Log - Logo Is displayed
17:58:01.195 [main] INFO  com.amazonUtility.Log - =====================================verifyLogo TEST End=========================================
17:58:11.275 [main] INFO  com.amazonUtility.Log - =====================================verifyTitle TEST START=========================================
17:58:11.275 [main] INFO  com.amazonUtility.Log - Verift Title Smoke Test
17:58:11.275 [main] INFO  com.amazonUtility.Log - =====================================verifyTitle TEST End=========================================
17:58:23.742 [main] INFO  com.amazonUtility.Log - =====================================searchproduct TEST START=========================================
17:58:23.742 [main] INFO  com.amazonUtility.Log - User clicked on searchbox
17:58:33.265 [main] INFO  com.amazonUtility.Log - Product get displayed
17:58:33.269 [main] INFO  com.amazonUtility.Log - =====================================searchProduct TEST End=========================================
18:09:34.102 [main] INFO  com.amazonUtility.Log - =====================================verifyLogo TEST START=========================================
18:09:34.123 [main] INFO  com.amazonUtility.Log - VerifyLogo Test
18:09:34.541 [main] INFO  com.amazonUtility.Log - Logo Is displayed
18:09:34.551 [main] INFO  com.amazonUtility.Log - =====================================verifyLogo TEST End=========================================
18:09:46.750 [main] INFO  com.amazonUtility.Log - =====================================verifyTitle TEST START=========================================
18:09:46.750 [main] INFO  com.amazonUtility.Log - Verift Title Smoke Test
18:09:46.750 [main] INFO  com.amazonUtility.Log - =====================================verifyTitle TEST End=========================================
18:09:59.011 [main] INFO  com.amazonUtility.Log - =====================================searchproduct TEST START=========================================
18:09:59.011 [main] INFO  com.amazonUtility.Log - User clicked on searchbox
18:10:20.310 [main] INFO  com.amazonUtility.Log - Product get displayed
18:10:20.322 [main] INFO  com.amazonUtility.Log - =====================================searchProduct TEST End=========================================
18:28:58.436 [main] INFO  com.amazonUtility.Log - =====================================verifyLogo TEST START=========================================
18:28:58.468 [main] INFO  com.amazonUtility.Log - VerifyLogo Test
18:28:58.748 [main] INFO  com.amazonUtility.Log - Logo Is displayed
18:28:58.748 [main] INFO  com.amazonUtility.Log - =====================================verifyLogo TEST End=========================================
18:29:08.847 [main] INFO  com.amazonUtility.Log - =====================================verifyTitle TEST START=========================================
18:29:08.847 [main] INFO  com.amazonUtility.Log - Verift Title Smoke Test
18:29:08.847 [main] INFO  com.amazonUtility.Log - =====================================verifyTitle TEST End=========================================
18:29:23.202 [main] INFO  com.amazonUtility.Log - =====================================searchproduct TEST START=========================================
18:29:23.202 [main] INFO  com.amazonUtility.Log - User clicked on searchbox
18:29:35.369 [main] INFO  com.amazonUtility.Log - Product get displayed
18:29:35.369 [main] INFO  com.amazonUtility.Log - =====================================searchProduct TEST End=========================================
18:38:22.115 [main] INFO  com.amazonUtility.Log - =====================================verifyLogo TEST START=========================================
18:38:22.232 [main] INFO  com.amazonUtility.Log - VerifyLogo Test
18:38:22.589 [main] INFO  com.amazonUtility.Log - Logo Is displayed
18:38:22.595 [main] INFO  com.amazonUtility.Log - =====================================verifyLogo TEST End=========================================
18:38:31.264 [main] INFO  com.amazonUtility.Log - =====================================verifyTitle TEST START=========================================
18:38:31.264 [main] INFO  com.amazonUtility.Log - Verift Title Smoke Test
18:38:31.264 [main] INFO  com.amazonUtility.Log - =====================================verifyTitle TEST End=========================================
18:38:43.789 [main] INFO  com.amazonUtility.Log - =====================================searchproduct TEST START=========================================
18:38:43.803 [main] INFO  com.amazonUtility.Log - User clicked on searchbox
18:38:53.889 [main] INFO  com.amazonUtility.Log - Product get displayed
18:38:53.898 [main] INFO  com.amazonUtility.Log - =====================================searchProduct TEST End=========================================
18:50:29.402 [main] INFO  com.amazonUtility.Log - =====================================verifyLogo TEST START=========================================
18:50:29.417 [main] INFO  com.amazonUtility.Log - VerifyLogo Test
18:50:29.629 [main] INFO  com.amazonUtility.Log - Logo Is displayed
18:50:29.641 [main] INFO  com.amazonUtility.Log - =====================================verifyLogo TEST End=========================================
18:50:41.918 [main] INFO  com.amazonUtility.Log - =====================================verifyTitle TEST START=========================================
18:50:41.918 [main] INFO  com.amazonUtility.Log - Verift Title Smoke Test
18:50:41.918 [main] INFO  com.amazonUtility.Log - =====================================verifyTitle TEST End=========================================
18:51:01.614 [main] INFO  com.amazonUtility.Log - =====================================searchproduct TEST START=========================================
18:51:01.614 [main] INFO  com.amazonUtility.Log - User clicked on searchbox
18:51:12.274 [main] INFO  com.amazonUtility.Log - Product get displayed
18:51:12.274 [main] INFO  com.amazonUtility.Log - =====================================searchProduct TEST End=========================================
18:56:10.555 [main] INFO  com.amazonUtility.Log - =====================================verifyLogo TEST START=========================================
18:56:10.578 [main] INFO  com.amazonUtility.Log - VerifyLogo Test
18:56:14.927 [main] INFO  com.amazonUtility.Log - Logo Is displayed
18:56:14.931 [main] INFO  com.amazonUtility.Log - =====================================verifyLogo TEST End=========================================
18:56:23.714 [main] INFO  com.amazonUtility.Log - =====================================verifyTitle TEST START=========================================
18:56:23.714 [main] INFO  com.amazonUtility.Log - Verift Title Smoke Test
18:56:23.714 [main] INFO  com.amazonUtility.Log - =====================================verifyTitle TEST End=========================================
18:56:34.612 [main] INFO  com.amazonUtility.Log - =====================================searchproduct TEST START=========================================
18:56:34.628 [main] INFO  com.amazonUtility.Log - User clicked on searchbox
18:56:45.568 [main] INFO  com.amazonUtility.Log - Product get displayed
18:56:45.568 [main] INFO  com.amazonUtility.Log - =====================================searchProduct TEST End=========================================
18:56:57.636 [main] INFO  com.amazonUtility.Log - =====================================searchproduct TEST START=========================================
18:56:57.640 [main] INFO  com.amazonUtility.Log - User clicked on searchbox
18:57:06.268 [main] INFO  com.amazonUtility.Log - Product get displayed
18:57:06.268 [main] INFO  com.amazonUtility.Log - =====================================searchProduct TEST End=========================================
19:18:24.573 [main] INFO  com.amazonUtility.Log - =====================================verifyLogo TEST START=========================================
19:18:24.636 [main] INFO  com.amazonUtility.Log - VerifyLogo Test
19:18:25.303 [main] INFO  com.amazonUtility.Log - Logo Is displayed
19:18:25.303 [main] INFO  com.amazonUtility.Log - =====================================verifyLogo TEST End=========================================
19:18:30.599 [main] INFO  com.amazonUtility.Log - =====================================verifyTitle TEST START=========================================
19:18:30.599 [main] INFO  com.amazonUtility.Log - Verift Title Smoke Test
19:18:30.599 [main] INFO  com.amazonUtility.Log - =====================================verifyTitle TEST End=========================================
19:18:48.000 [main] INFO  com.amazonUtility.Log - =====================================searchproduct TEST START=========================================
19:18:48.000 [main] INFO  com.amazonUtility.Log - User clicked on searchbox
19:19:03.029 [main] INFO  com.amazonUtility.Log - Product get displayed
19:19:03.029 [main] INFO  com.amazonUtility.Log - =====================================searchProduct TEST End=========================================
19:19:23.212 [main] INFO  com.amazonUtility.Log - =====================================searchproduct TEST START=========================================
19:19:23.213 [main] INFO  com.amazonUtility.Log - User clicked on searchbox
19:19:34.684 [main] INFO  com.amazonUtility.Log - Product get displayed
19:19:34.684 [main] INFO  com.amazonUtility.Log - =====================================searchProduct TEST End=========================================
19:22:49.952 [main] INFO  com.amazonUtility.Log - =====================================verifyLogo TEST START=========================================
19:22:49.966 [main] INFO  com.amazonUtility.Log - VerifyLogo Test
19:22:50.292 [main] INFO  com.amazonUtility.Log - Logo Is displayed
19:22:50.300 [main] INFO  com.amazonUtility.Log - =====================================verifyLogo TEST End=========================================
19:23:00.634 [main] INFO  com.amazonUtility.Log - =====================================verifyTitle TEST START=========================================
19:23:00.634 [main] INFO  com.amazonUtility.Log - Verift Title Smoke Test
19:23:00.634 [main] INFO  com.amazonUtility.Log - =====================================verifyTitle TEST End=========================================
19:23:13.922 [main] INFO  com.amazonUtility.Log - =====================================searchproduct TEST START=========================================
19:23:13.922 [main] INFO  com.amazonUtility.Log - User clicked on searchbox
19:23:22.603 [main] INFO  com.amazonUtility.Log - Product get displayed
19:23:22.603 [main] INFO  com.amazonUtility.Log - =====================================searchProduct TEST End=========================================
19:23:35.029 [main] INFO  com.amazonUtility.Log - =====================================searchproduct TEST START=========================================
19:23:35.029 [main] INFO  com.amazonUtility.Log - User clicked on searchbox
19:23:43.430 [main] INFO  com.amazonUtility.Log - Product get displayed
19:23:43.446 [main] INFO  com.amazonUtility.Log - =====================================searchProduct TEST End=========================================
11:06:39.851 [main] INFO  com.amazonUtility.Log - =====================================verifyLogo TEST START=========================================
11:06:39.867 [main] INFO  com.amazonUtility.Log - VerifyLogo Test
11:06:40.116 [main] INFO  com.amazonUtility.Log - Logo Is displayed
11:06:40.120 [main] INFO  com.amazonUtility.Log - =====================================verifyLogo TEST End=========================================
11:06:49.933 [main] INFO  com.amazonUtility.Log - =====================================verifyTitle TEST START=========================================
11:06:49.933 [main] INFO  com.amazonUtility.Log - Verift Title Smoke Test
11:06:49.938 [main] INFO  com.amazonUtility.Log - =====================================verifyTitle TEST End=========================================
11:07:05.631 [main] INFO  com.amazonUtility.Log - =====================================searchproduct TEST START=========================================
11:07:05.631 [main] INFO  com.amazonUtility.Log - User clicked on searchbox
11:07:14.398 [main] INFO  com.amazonUtility.Log - Product get displayed
11:07:14.406 [main] INFO  com.amazonUtility.Log - =====================================searchProduct TEST End=========================================
11:07:25.698 [main] INFO  com.amazonUtility.Log - =====================================searchproduct TEST START=========================================
11:07:25.714 [main] INFO  com.amazonUtility.Log - User clicked on searchbox
11:07:39.216 [main] INFO  com.amazonUtility.Log - Product get displayed
11:07:39.216 [main] INFO  com.amazonUtility.Log - =====================================searchProduct TEST End=========================================
11:07:51.150 [main] INFO  com.amazonUtility.Log - =====================================searchproduct TEST START=========================================
11:07:51.155 [main] INFO  com.amazonUtility.Log - User clicked on searchbox
12:15:05.334 [main] INFO  com.amazonUtility.Log - =====================================verifyLogo TEST START=========================================
12:15:05.339 [main] INFO  com.amazonUtility.Log - VerifyLogo Test
12:15:05.456 [main] INFO  com.amazonUtility.Log - Logo Is displayed
12:15:05.458 [main] INFO  com.amazonUtility.Log - =====================================verifyLogo TEST End=========================================
12:15:18.232 [main] INFO  com.amazonUtility.Log - =====================================verifyTitle TEST START=========================================
12:15:18.232 [main] INFO  com.amazonUtility.Log - Verift Title Smoke Test
12:15:18.232 [main] INFO  com.amazonUtility.Log - =====================================verifyTitle TEST End=========================================
12:15:24.063 [main] INFO  com.amazonUtility.Log - =====================================verifyProductlist TEST START=========================================
12:15:24.066 [main] INFO  com.amazonUtility.Log - User clicked on searchbox
12:15:36.733 [main] INFO  com.amazonUtility.Log - =====================================verifyProductlist TEST End=========================================
12:15:44.849 [main] INFO  com.amazonUtility.Log - =====================================searchproduct TEST START=========================================
12:15:44.864 [main] INFO  com.amazonUtility.Log - User clicked on searchbox
12:27:14.712 [main] INFO  com.amazonUtility.Log - =====================================verifyLogo TEST START=========================================
12:27:14.726 [main] INFO  com.amazonUtility.Log - VerifyLogo Test
12:27:15.063 [main] INFO  com.amazonUtility.Log - Logo Is displayed
12:27:15.067 [main] INFO  com.amazonUtility.Log - =====================================verifyLogo TEST End=========================================
12:27:23.614 [main] INFO  com.amazonUtility.Log - =====================================verifyTitle TEST START=========================================
12:27:23.614 [main] INFO  com.amazonUtility.Log - Verift Title Smoke Test
12:27:23.614 [main] INFO  com.amazonUtility.Log - =====================================verifyTitle TEST End=========================================
12:27:31.732 [main] INFO  com.amazonUtility.Log - =====================================verifyProductlist TEST START=========================================
12:27:31.734 [main] INFO  com.amazonUtility.Log - User clicked on searchbox
12:27:39.100 [main] INFO  com.amazonUtility.Log - =====================================verifyProductlist TEST End=========================================
12:27:51.140 [main] INFO  com.amazonUtility.Log - =====================================searchproduct TEST START=========================================
12:27:51.140 [main] INFO  com.amazonUtility.Log - User clicked on searchbox
12:32:07.064 [main] INFO  com.amazonUtility.Log - =====================================verifyLogo TEST START=========================================
12:32:07.073 [main] INFO  com.amazonUtility.Log - VerifyLogo Test
12:32:07.333 [main] INFO  com.amazonUtility.Log - Logo Is displayed
12:32:07.335 [main] INFO  com.amazonUtility.Log - =====================================verifyLogo TEST End=========================================
12:32:13.649 [main] INFO  com.amazonUtility.Log - =====================================verifyTitle TEST START=========================================
12:32:13.649 [main] INFO  com.amazonUtility.Log - Verift Title Smoke Test
12:32:13.649 [main] INFO  com.amazonUtility.Log - =====================================verifyTitle TEST End=========================================
12:32:20.456 [main] INFO  com.amazonUtility.Log - =====================================verifyProductlist TEST START=========================================
12:32:20.456 [main] INFO  com.amazonUtility.Log - User clicked on searchbox
12:32:26.878 [main] INFO  com.amazonUtility.Log - =====================================verifyProductlist TEST End=========================================
12:32:39.373 [main] INFO  com.amazonUtility.Log - =====================================searchproduct TEST START=========================================
12:32:39.373 [main] INFO  com.amazonUtility.Log - User clicked on searchbox
12:44:10.955 [main] INFO  com.amazonUtility.Log - =====================================verifyLogo TEST START=========================================
12:44:10.979 [main] INFO  com.amazonUtility.Log - VerifyLogo Test
12:44:11.148 [main] INFO  com.amazonUtility.Log - Logo Is displayed
12:44:11.156 [main] INFO  com.amazonUtility.Log - =====================================verifyLogo TEST End=========================================
12:44:20.136 [main] INFO  com.amazonUtility.Log - =====================================verifyTitle TEST START=========================================
12:44:20.136 [main] INFO  com.amazonUtility.Log - Verift Title Smoke Test
12:44:20.136 [main] INFO  com.amazonUtility.Log - =====================================verifyTitle TEST End=========================================
12:44:28.305 [main] INFO  com.amazonUtility.Log - =====================================verifyProductlist TEST START=========================================
12:44:28.305 [main] INFO  com.amazonUtility.Log - User clicked on searchbox
12:44:33.739 [main] INFO  com.amazonUtility.Log - =====================================verifyProductlist TEST End=========================================
12:44:38.917 [main] INFO  com.amazonUtility.Log - =====================================searchproduct TEST START=========================================
12:44:38.917 [main] INFO  com.amazonUtility.Log - User clicked on searchbox
12:47:24.030 [main] INFO  com.amazonUtility.Log - =====================================verifyLogo TEST START=========================================
12:47:24.046 [main] INFO  com.amazonUtility.Log - VerifyLogo Test
12:47:24.184 [main] INFO  com.amazonUtility.Log - Logo Is displayed
12:47:24.184 [main] INFO  com.amazonUtility.Log - =====================================verifyLogo TEST End=========================================
12:47:32.094 [main] INFO  com.amazonUtility.Log - =====================================verifyTitle TEST START=========================================
12:47:32.094 [main] INFO  com.amazonUtility.Log - Verift Title Smoke Test
12:47:32.094 [main] INFO  com.amazonUtility.Log - =====================================verifyTitle TEST End=========================================
12:47:39.570 [main] INFO  com.amazonUtility.Log - =====================================verifyProductlist TEST START=========================================
12:47:39.570 [main] INFO  com.amazonUtility.Log - User clicked on searchbox
12:47:48.484 [main] INFO  com.amazonUtility.Log - =====================================verifyProductlist TEST End=========================================
12:47:57.444 [main] INFO  com.amazonUtility.Log - =====================================searchproduct TEST START=========================================
12:47:57.444 [main] INFO  com.amazonUtility.Log - User clicked on searchbox
12:56:02.010 [main] INFO  com.amazonUtility.Log - =====================================verifyLogo TEST START=========================================
12:56:02.025 [main] INFO  com.amazonUtility.Log - VerifyLogo Test
12:56:02.423 [main] INFO  com.amazonUtility.Log - Logo Is displayed
12:56:02.435 [main] INFO  com.amazonUtility.Log - =====================================verifyLogo TEST End=========================================
12:56:12.047 [main] INFO  com.amazonUtility.Log - =====================================verifyTitle TEST START=========================================
12:56:12.047 [main] INFO  com.amazonUtility.Log - Verift Title Smoke Test
12:56:12.047 [main] INFO  com.amazonUtility.Log - =====================================verifyTitle TEST End=========================================
12:56:18.657 [main] INFO  com.amazonUtility.Log - =====================================verifyProductlist TEST START=========================================
12:56:18.657 [main] INFO  com.amazonUtility.Log - User clicked on searchbox
12:56:35.050 [main] INFO  com.amazonUtility.Log - =====================================verifyProductlist TEST End=========================================
12:56:49.680 [main] INFO  com.amazonUtility.Log - =====================================searchproduct TEST START=========================================
12:56:49.680 [main] INFO  com.amazonUtility.Log - User clicked on searchbox
13:24:37.946 [main] INFO  com.amazonUtility.Log - =====================================verifyLogo TEST START=========================================
13:24:37.953 [main] INFO  com.amazonUtility.Log - VerifyLogo Test
13:24:38.132 [main] INFO  com.amazonUtility.Log - Logo Is displayed
13:24:38.148 [main] INFO  com.amazonUtility.Log - =====================================verifyLogo TEST End=========================================
13:24:46.219 [main] INFO  com.amazonUtility.Log - =====================================verifyTitle TEST START=========================================
13:24:46.219 [main] INFO  com.amazonUtility.Log - Verift Title Smoke Test
13:24:46.219 [main] INFO  com.amazonUtility.Log - =====================================verifyTitle TEST End=========================================
13:24:59.999 [main] INFO  com.amazonUtility.Log - =====================================searchproduct TEST START=========================================
13:25:00.006 [main] INFO  com.amazonUtility.Log - User clicked on searchbox
13:32:20.943 [main] INFO  com.amazonUtility.Log - =====================================verifyLogo TEST START=========================================
13:32:20.972 [main] INFO  com.amazonUtility.Log - VerifyLogo Test
13:32:21.226 [main] INFO  com.amazonUtility.Log - Logo Is displayed
13:32:21.229 [main] INFO  com.amazonUtility.Log - =====================================verifyLogo TEST End=========================================
13:32:27.748 [main] INFO  com.amazonUtility.Log - =====================================verifyTitle TEST START=========================================
13:32:27.748 [main] INFO  com.amazonUtility.Log - Verift Title Smoke Test
13:32:27.748 [main] INFO  com.amazonUtility.Log - =====================================verifyTitle TEST End=========================================
13:32:39.452 [main] INFO  com.amazonUtility.Log - =====================================verifyProductlist TEST START=========================================
13:32:39.452 [main] INFO  com.amazonUtility.Log - User clicked on searchbox
13:33:05.240 [main] INFO  com.amazonUtility.Log - =====================================verifyProductlist TEST End=========================================
13:59:02.406 [main] INFO  com.amazonUtility.Log - =====================================verifyLogo TEST START=========================================
13:59:02.422 [main] INFO  com.amazonUtility.Log - VerifyLogo Test
13:59:02.705 [main] INFO  com.amazonUtility.Log - Logo Is displayed
13:59:02.705 [main] INFO  com.amazonUtility.Log - =====================================verifyLogo TEST End=========================================
13:59:15.164 [main] INFO  com.amazonUtility.Log - =====================================verifyTitle TEST START=========================================
13:59:15.164 [main] INFO  com.amazonUtility.Log - Verift Title Smoke Test
13:59:15.164 [main] INFO  com.amazonUtility.Log - =====================================verifyTitle TEST End=========================================
13:59:38.785 [main] INFO  com.amazonUtility.Log - =====================================verifyProductlist TEST START=========================================
13:59:38.785 [main] INFO  com.amazonUtility.Log - User clicked on searchbox
13:59:56.938 [main] INFO  com.amazonUtility.Log - =====================================verifyProductlist TEST End=========================================
14:00:14.162 [main] INFO  com.amazonUtility.Log - =====================================searchproduct TEST START=========================================
14:00:14.162 [main] INFO  com.amazonUtility.Log - User clicked on searchbox
14:00:27.378 [main] INFO  com.amazonUtility.Log - =====================================searchproduct TEST START=========================================
14:00:27.387 [main] INFO  com.amazonUtility.Log - User clicked on searchbox
14:06:06.446 [main] INFO  com.amazonUtility.Log - =====================================verifyLogo TEST START=========================================
14:06:06.472 [main] INFO  com.amazonUtility.Log - VerifyLogo Test
14:06:06.893 [main] INFO  com.amazonUtility.Log - Logo Is displayed
14:06:06.893 [main] INFO  com.amazonUtility.Log - =====================================verifyLogo TEST End=========================================
14:06:16.383 [main] INFO  com.amazonUtility.Log - =====================================verifyTitle TEST START=========================================
14:06:16.383 [main] INFO  com.amazonUtility.Log - Verift Title Smoke Test
14:06:16.383 [main] INFO  com.amazonUtility.Log - =====================================verifyTitle TEST End=========================================
14:06:23.658 [main] INFO  com.amazonUtility.Log - =====================================verifyProductlist TEST START=========================================
14:06:23.658 [main] INFO  com.amazonUtility.Log - User clicked on searchbox
14:07:38.051 [main] INFO  com.amazonUtility.Log - =====================================verifyAddtocart TEST START=========================================
14:07:38.066 [main] INFO  com.amazonUtility.Log - User clicked on searchbox
14:07:47.937 [main] INFO  com.amazonUtility.Log - =====================================verifyProduct TEST START=========================================
14:07:47.937 [main] INFO  com.amazonUtility.Log - User clicked on searchbox
14:23:24.752 [main] INFO  com.amazonUtility.Log - =====================================verifyLogo TEST START=========================================
14:23:24.801 [main] INFO  com.amazonUtility.Log - VerifyLogo Test
14:23:25.122 [main] INFO  com.amazonUtility.Log - Logo Is displayed
14:23:25.122 [main] INFO  com.amazonUtility.Log - =====================================verifyLogo TEST End=========================================
14:23:33.994 [main] INFO  com.amazonUtility.Log - =====================================verifyTitle TEST START=========================================
14:23:33.994 [main] INFO  com.amazonUtility.Log - Verift Title Smoke Test
14:23:34.010 [main] INFO  com.amazonUtility.Log - =====================================verifyTitle TEST End=========================================
14:23:46.002 [main] INFO  com.amazonUtility.Log - =====================================verifyProductlist TEST START=========================================
14:23:46.009 [main] INFO  com.amazonUtility.Log - User clicked on searchbox
14:23:56.216 [main] INFO  com.amazonUtility.Log - =====================================verifyProductlist TEST End=========================================
14:24:08.890 [main] INFO  com.amazonUtility.Log - =====================================verifyProduct TEST START=========================================
14:24:08.890 [main] INFO  com.amazonUtility.Log - User clicked on searchbox
14:31:45.699 [TestNG-test=IndexTest-3] INFO  com.amazonUtility.Log - =====================================verifyLogo TEST START=========================================
14:31:45.715 [TestNG-test=IndexTest-3] INFO  com.amazonUtility.Log - VerifyLogo Test
14:31:46.241 [TestNG-test=IndexTest-2] INFO  com.amazonUtility.Log - =====================================verifyProductlist TEST START=========================================
14:31:46.241 [TestNG-test=IndexTest-2] INFO  com.amazonUtility.Log - User clicked on searchbox
14:31:47.736 [TestNG-test=IndexTest-3] INFO  com.amazonUtility.Log - Logo Is displayed
14:31:47.752 [TestNG-test=IndexTest-3] INFO  com.amazonUtility.Log - =====================================verifyLogo TEST End=========================================
14:31:54.000 [TestNG-test=IndexTest-1] INFO  com.amazonUtility.Log - =====================================verifyProduct TEST START=========================================
14:31:54.000 [TestNG-test=IndexTest-1] INFO  com.amazonUtility.Log - User clicked on searchbox
14:32:04.377 [TestNG-test=IndexTest-3] INFO  com.amazonUtility.Log - =====================================verifyTitle TEST START=========================================
14:32:04.382 [TestNG-test=IndexTest-3] INFO  com.amazonUtility.Log - Verift Title Smoke Test
14:32:04.382 [TestNG-test=IndexTest-3] INFO  com.amazonUtility.Log - =====================================verifyTitle TEST End=========================================
14:32:06.493 [TestNG-test=IndexTest-2] INFO  com.amazonUtility.Log - =====================================verifyProductlist TEST End=========================================
